{"/Users/krish/Desktop/test/controllers/messageController.js": {"path":"/Users/krish/Desktop/test/controllers/messageController.js","statementMap":{"0":{"start":{"line":1,"column":16},"end":{"line":1,"column":44}},"1":{"start":{"line":2,"column":35},"end":{"line":2,"column":70}},"2":{"start":{"line":7,"column":20},"end":{"line":29,"column":1}},"3":{"start":{"line":8,"column":2},"end":{"line":28,"column":3}},"4":{"start":{"line":9,"column":33},"end":{"line":9,"column":42}},"5":{"start":{"line":11,"column":4},"end":{"line":13,"column":5}},"6":{"start":{"line":12,"column":6},"end":{"line":12,"column":63}},"7":{"start":{"line":15,"column":21},"end":{"line":23,"column":27}},"8":{"start":{"line":25,"column":4},"end":{"line":25,"column":64}},"9":{"start":{"line":27,"column":4},"end":{"line":27,"column":66}},"10":{"start":{"line":34,"column":20},"end":{"line":57,"column":1}},"11":{"start":{"line":35,"column":2},"end":{"line":56,"column":3}},"12":{"start":{"line":36,"column":55},"end":{"line":36,"column":63}},"13":{"start":{"line":38,"column":4},"end":{"line":40,"column":5}},"14":{"start":{"line":39,"column":6},"end":{"line":39,"column":79}},"15":{"start":{"line":42,"column":20},"end":{"line":47,"column":6}},"16":{"start":{"line":49,"column":29},"end":{"line":51,"column":46}},"17":{"start":{"line":53,"column":4},"end":{"line":53,"column":73}},"18":{"start":{"line":55,"column":4},"end":{"line":55,"column":64}},"19":{"start":{"line":62,"column":19},"end":{"line":80,"column":1}},"20":{"start":{"line":63,"column":2},"end":{"line":79,"column":3}},"21":{"start":{"line":64,"column":20},"end":{"line":70,"column":44}},"22":{"start":{"line":72,"column":4},"end":{"line":74,"column":5}},"23":{"start":{"line":73,"column":6},"end":{"line":73,"column":54}},"24":{"start":{"line":76,"column":4},"end":{"line":76,"column":56}},"25":{"start":{"line":78,"column":4},"end":{"line":78,"column":65}},"26":{"start":{"line":85,"column":22},"end":{"line":97,"column":1}},"27":{"start":{"line":86,"column":2},"end":{"line":96,"column":3}},"28":{"start":{"line":87,"column":20},"end":{"line":87,"column":66}},"29":{"start":{"line":89,"column":4},"end":{"line":91,"column":5}},"30":{"start":{"line":90,"column":6},"end":{"line":90,"column":54}},"31":{"start":{"line":93,"column":4},"end":{"line":93,"column":59}},"32":{"start":{"line":95,"column":4},"end":{"line":95,"column":65}},"33":{"start":{"line":102,"column":23},"end":{"line":115,"column":1}},"34":{"start":{"line":103,"column":2},"end":{"line":114,"column":3}},"35":{"start":{"line":104,"column":23},"end":{"line":104,"column":33}},"36":{"start":{"line":106,"column":18},"end":{"line":109,"column":6}},"37":{"start":{"line":111,"column":4},"end":{"line":111,"column":69}},"38":{"start":{"line":113,"column":4},"end":{"line":113,"column":70}},"39":{"start":{"line":117,"column":0},"end":{"line":123,"column":2}}},"fnMap":{"0":{"name":"(anonymous_0)","decl":{"start":{"line":7,"column":20},"end":{"line":7,"column":21}},"loc":{"start":{"line":7,"column":40},"end":{"line":29,"column":1}},"line":7},"1":{"name":"(anonymous_1)","decl":{"start":{"line":34,"column":20},"end":{"line":34,"column":21}},"loc":{"start":{"line":34,"column":40},"end":{"line":57,"column":1}},"line":34},"2":{"name":"(anonymous_2)","decl":{"start":{"line":62,"column":19},"end":{"line":62,"column":20}},"loc":{"start":{"line":62,"column":39},"end":{"line":80,"column":1}},"line":62},"3":{"name":"(anonymous_3)","decl":{"start":{"line":85,"column":22},"end":{"line":85,"column":23}},"loc":{"start":{"line":85,"column":42},"end":{"line":97,"column":1}},"line":85},"4":{"name":"(anonymous_4)","decl":{"start":{"line":102,"column":23},"end":{"line":102,"column":24}},"loc":{"start":{"line":102,"column":43},"end":{"line":115,"column":1}},"line":102}},"branchMap":{"0":{"loc":{"start":{"line":11,"column":4},"end":{"line":13,"column":5}},"type":"if","locations":[{"start":{"line":11,"column":4},"end":{"line":13,"column":5}},{"start":{},"end":{}}],"line":11},"1":{"loc":{"start":{"line":11,"column":8},"end":{"line":11,"column":28}},"type":"binary-expr","locations":[{"start":{"line":11,"column":8},"end":{"line":11,"column":16}},{"start":{"line":11,"column":20},"end":{"line":11,"column":28}}],"line":11},"2":{"loc":{"start":{"line":38,"column":4},"end":{"line":40,"column":5}},"type":"if","locations":[{"start":{"line":38,"column":4},"end":{"line":40,"column":5}},{"start":{},"end":{}}],"line":38},"3":{"loc":{"start":{"line":38,"column":8},"end":{"line":38,"column":40}},"type":"binary-expr","locations":[{"start":{"line":38,"column":8},"end":{"line":38,"column":15}},{"start":{"line":38,"column":19},"end":{"line":38,"column":28}},{"start":{"line":38,"column":32},"end":{"line":38,"column":40}}],"line":38},"4":{"loc":{"start":{"line":46,"column":19},"end":{"line":46,"column":40}},"type":"binary-expr","locations":[{"start":{"line":46,"column":19},"end":{"line":46,"column":30}},{"start":{"line":46,"column":34},"end":{"line":46,"column":40}}],"line":46},"5":{"loc":{"start":{"line":72,"column":4},"end":{"line":74,"column":5}},"type":"if","locations":[{"start":{"line":72,"column":4},"end":{"line":74,"column":5}},{"start":{},"end":{}}],"line":72},"6":{"loc":{"start":{"line":89,"column":4},"end":{"line":91,"column":5}},"type":"if","locations":[{"start":{"line":89,"column":4},"end":{"line":91,"column":5}},{"start":{},"end":{}}],"line":89}},"s":{"0":1,"1":1,"2":1,"3":0,"4":0,"5":0,"6":0,"7":0,"8":0,"9":0,"10":1,"11":0,"12":0,"13":0,"14":0,"15":0,"16":0,"17":0,"18":0,"19":1,"20":0,"21":0,"22":0,"23":0,"24":0,"25":0,"26":1,"27":0,"28":0,"29":0,"30":0,"31":0,"32":0,"33":1,"34":0,"35":0,"36":0,"37":0,"38":0,"39":1},"f":{"0":0,"1":0,"2":0,"3":0,"4":0},"b":{"0":[0,0],"1":[0,0],"2":[0,0],"3":[0,0,0],"4":[0,0],"5":[0,0],"6":[0,0]},"_coverageSchema":"1a1c01bbd47fc00a2c39e90264f33305004495a9","hash":"bb2c4af5043fa88f0d62a11089bb8458d33355d5"}
,"/Users/krish/Desktop/test/controllers/userController.js": {"path":"/Users/krish/Desktop/test/controllers/userController.js","statementMap":{"0":{"start":{"line":1,"column":13},"end":{"line":1,"column":38}},"1":{"start":{"line":2,"column":35},"end":{"line":2,"column":70}},"2":{"start":{"line":7,"column":20},"end":{"line":14,"column":1}},"3":{"start":{"line":8,"column":2},"end":{"line":13,"column":3}},"4":{"start":{"line":9,"column":18},"end":{"line":9,"column":55}},"5":{"start":{"line":10,"column":4},"end":{"line":10,"column":58}},"6":{"start":{"line":12,"column":4},"end":{"line":12,"column":63}},"7":{"start":{"line":19,"column":20},"end":{"line":31,"column":1}},"8":{"start":{"line":20,"column":2},"end":{"line":30,"column":3}},"9":{"start":{"line":21,"column":17},"end":{"line":21,"column":71}},"10":{"start":{"line":23,"column":4},"end":{"line":25,"column":5}},"11":{"start":{"line":24,"column":6},"end":{"line":24,"column":51}},"12":{"start":{"line":27,"column":4},"end":{"line":27,"column":56}},"13":{"start":{"line":29,"column":4},"end":{"line":29,"column":62}},"14":{"start":{"line":36,"column":19},"end":{"line":59,"column":1}},"15":{"start":{"line":37,"column":2},"end":{"line":58,"column":3}},"16":{"start":{"line":38,"column":42},"end":{"line":38,"column":50}},"17":{"start":{"line":41,"column":25},"end":{"line":41,"column":79}},"18":{"start":{"line":42,"column":4},"end":{"line":44,"column":5}},"19":{"start":{"line":43,"column":6},"end":{"line":43,"column":84}},"20":{"start":{"line":46,"column":17},"end":{"line":50,"column":6}},"21":{"start":{"line":52,"column":25},"end":{"line":52,"column":40}},"22":{"start":{"line":53,"column":4},"end":{"line":53,"column":33}},"23":{"start":{"line":55,"column":4},"end":{"line":55,"column":69}},"24":{"start":{"line":57,"column":4},"end":{"line":57,"column":62}},"25":{"start":{"line":64,"column":19},"end":{"line":82,"column":1}},"26":{"start":{"line":65,"column":2},"end":{"line":81,"column":3}},"27":{"start":{"line":66,"column":48},"end":{"line":66,"column":56}},"28":{"start":{"line":68,"column":17},"end":{"line":72,"column":25}},"29":{"start":{"line":74,"column":4},"end":{"line":76,"column":5}},"30":{"start":{"line":75,"column":6},"end":{"line":75,"column":51}},"31":{"start":{"line":78,"column":4},"end":{"line":78,"column":56}},"32":{"start":{"line":80,"column":4},"end":{"line":80,"column":62}},"33":{"start":{"line":87,"column":19},"end":{"line":99,"column":1}},"34":{"start":{"line":88,"column":2},"end":{"line":98,"column":3}},"35":{"start":{"line":89,"column":17},"end":{"line":89,"column":60}},"36":{"start":{"line":91,"column":4},"end":{"line":93,"column":5}},"37":{"start":{"line":92,"column":6},"end":{"line":92,"column":51}},"38":{"start":{"line":95,"column":4},"end":{"line":95,"column":56}},"39":{"start":{"line":97,"column":4},"end":{"line":97,"column":62}},"40":{"start":{"line":101,"column":0},"end":{"line":107,"column":2}}},"fnMap":{"0":{"name":"(anonymous_0)","decl":{"start":{"line":7,"column":20},"end":{"line":7,"column":21}},"loc":{"start":{"line":7,"column":40},"end":{"line":14,"column":1}},"line":7},"1":{"name":"(anonymous_1)","decl":{"start":{"line":19,"column":20},"end":{"line":19,"column":21}},"loc":{"start":{"line":19,"column":40},"end":{"line":31,"column":1}},"line":19},"2":{"name":"(anonymous_2)","decl":{"start":{"line":36,"column":19},"end":{"line":36,"column":20}},"loc":{"start":{"line":36,"column":39},"end":{"line":59,"column":1}},"line":36},"3":{"name":"(anonymous_3)","decl":{"start":{"line":64,"column":19},"end":{"line":64,"column":20}},"loc":{"start":{"line":64,"column":39},"end":{"line":82,"column":1}},"line":64},"4":{"name":"(anonymous_4)","decl":{"start":{"line":87,"column":19},"end":{"line":87,"column":20}},"loc":{"start":{"line":87,"column":39},"end":{"line":99,"column":1}},"line":87}},"branchMap":{"0":{"loc":{"start":{"line":23,"column":4},"end":{"line":25,"column":5}},"type":"if","locations":[{"start":{"line":23,"column":4},"end":{"line":25,"column":5}},{"start":{},"end":{}}],"line":23},"1":{"loc":{"start":{"line":42,"column":4},"end":{"line":44,"column":5}},"type":"if","locations":[{"start":{"line":42,"column":4},"end":{"line":44,"column":5}},{"start":{},"end":{}}],"line":42},"2":{"loc":{"start":{"line":74,"column":4},"end":{"line":76,"column":5}},"type":"if","locations":[{"start":{"line":74,"column":4},"end":{"line":76,"column":5}},{"start":{},"end":{}}],"line":74},"3":{"loc":{"start":{"line":91,"column":4},"end":{"line":93,"column":5}},"type":"if","locations":[{"start":{"line":91,"column":4},"end":{"line":93,"column":5}},{"start":{},"end":{}}],"line":91}},"s":{"0":1,"1":1,"2":1,"3":0,"4":0,"5":0,"6":0,"7":1,"8":0,"9":0,"10":0,"11":0,"12":0,"13":0,"14":1,"15":0,"16":0,"17":0,"18":0,"19":0,"20":0,"21":0,"22":0,"23":0,"24":0,"25":1,"26":0,"27":0,"28":0,"29":0,"30":0,"31":0,"32":0,"33":1,"34":0,"35":0,"36":0,"37":0,"38":0,"39":0,"40":1},"f":{"0":0,"1":0,"2":0,"3":0,"4":0},"b":{"0":[0,0],"1":[0,0],"2":[0,0],"3":[0,0]},"_coverageSchema":"1a1c01bbd47fc00a2c39e90264f33305004495a9","hash":"4873ee7a6d98c05cc92f6de787399b0139fa53fa"}
,"/Users/krish/Desktop/test/models/Message.js": {"path":"/Users/krish/Desktop/test/models/Message.js","statementMap":{"0":{"start":{"line":1,"column":17},"end":{"line":1,"column":36}},"1":{"start":{"line":3,"column":22},"end":{"line":33,"column":2}},"2":{"start":{"line":36,"column":0},"end":{"line":36,"column":63}},"3":{"start":{"line":38,"column":0},"end":{"line":38,"column":58}}},"fnMap":{},"branchMap":{},"s":{"0":2,"1":2,"2":2,"3":2},"f":{},"b":{},"_coverageSchema":"1a1c01bbd47fc00a2c39e90264f33305004495a9","hash":"f410d9edaf0b8d88228ac6aa8f9ff10aaa8cac87"}
,"/Users/krish/Desktop/test/models/User.js": {"path":"/Users/krish/Desktop/test/models/User.js","statementMap":{"0":{"start":{"line":1,"column":17},"end":{"line":1,"column":36}},"1":{"start":{"line":3,"column":19},"end":{"line":39,"column":2}},"2":{"start":{"line":41,"column":0},"end":{"line":41,"column":52}}},"fnMap":{},"branchMap":{},"s":{"0":2,"1":2,"2":2},"f":{},"b":{},"_coverageSchema":"1a1c01bbd47fc00a2c39e90264f33305004495a9","hash":"3b79ae771a5839e3e745476c72d23efca7a6f2c1"}
,"/Users/krish/Desktop/test/routers/messageRoutes.js": {"path":"/Users/krish/Desktop/test/routers/messageRoutes.js","statementMap":{"0":{"start":{"line":1,"column":16},"end":{"line":1,"column":34}},"1":{"start":{"line":2,"column":15},"end":{"line":2,"column":31}},"2":{"start":{"line":9,"column":4},"end":{"line":9,"column":47}},"3":{"start":{"line":12,"column":0},"end":{"line":12,"column":29}},"4":{"start":{"line":15,"column":0},"end":{"line":15,"column":30}},"5":{"start":{"line":18,"column":0},"end":{"line":18,"column":36}},"6":{"start":{"line":21,"column":0},"end":{"line":21,"column":37}},"7":{"start":{"line":24,"column":0},"end":{"line":24,"column":46}},"8":{"start":{"line":26,"column":0},"end":{"line":26,"column":24}}},"fnMap":{},"branchMap":{},"s":{"0":1,"1":1,"2":1,"3":1,"4":1,"5":1,"6":1,"7":1,"8":1},"f":{},"b":{},"_coverageSchema":"1a1c01bbd47fc00a2c39e90264f33305004495a9","hash":"fc7af9685ad6cbcea96f0a4554762c322c0005c1"}
,"/Users/krish/Desktop/test/routers/userRoutes.js": {"path":"/Users/krish/Desktop/test/routers/userRoutes.js","statementMap":{"0":{"start":{"line":1,"column":16},"end":{"line":1,"column":34}},"1":{"start":{"line":2,"column":15},"end":{"line":2,"column":31}},"2":{"start":{"line":9,"column":4},"end":{"line":9,"column":44}},"3":{"start":{"line":15,"column":0},"end":{"line":15,"column":29}},"4":{"start":{"line":18,"column":0},"end":{"line":18,"column":32}},"5":{"start":{"line":21,"column":0},"end":{"line":21,"column":29}},"6":{"start":{"line":24,"column":0},"end":{"line":24,"column":31}},"7":{"start":{"line":27,"column":0},"end":{"line":27,"column":34}},"8":{"start":{"line":29,"column":0},"end":{"line":29,"column":24}}},"fnMap":{},"branchMap":{},"s":{"0":1,"1":1,"2":1,"3":1,"4":1,"5":1,"6":1,"7":1,"8":1},"f":{},"b":{},"_coverageSchema":"1a1c01bbd47fc00a2c39e90264f33305004495a9","hash":"ccb1cc3d9699b35ef2aebc2972762aa2c4f41bec"}
,"/Users/krish/Desktop/test/utils/db.js": {"path":"/Users/krish/Desktop/test/utils/db.js","statementMap":{"0":{"start":{"line":1,"column":17},"end":{"line":1,"column":36}},"1":{"start":{"line":3,"column":18},"end":{"line":12,"column":1}},"2":{"start":{"line":4,"column":2},"end":{"line":11,"column":3}},"3":{"start":{"line":5,"column":17},"end":{"line":5,"column":64}},"4":{"start":{"line":7,"column":4},"end":{"line":7,"column":62}},"5":{"start":{"line":9,"column":4},"end":{"line":9,"column":45}},"6":{"start":{"line":10,"column":4},"end":{"line":10,"column":20}},"7":{"start":{"line":14,"column":0},"end":{"line":14,"column":27}}},"fnMap":{"0":{"name":"(anonymous_0)","decl":{"start":{"line":3,"column":18},"end":{"line":3,"column":19}},"loc":{"start":{"line":3,"column":30},"end":{"line":12,"column":1}},"line":3}},"branchMap":{},"s":{"0":1,"1":1,"2":0,"3":0,"4":0,"5":0,"6":0,"7":1},"f":{"0":0},"b":{},"_coverageSchema":"1a1c01bbd47fc00a2c39e90264f33305004495a9","hash":"48ec61e9f1e0aea3333633003b43f635d7909894"}
,"/Users/krish/Desktop/test/utils/responseHandler.js": {"path":"/Users/krish/Desktop/test/utils/responseHandler.js","statementMap":{"0":{"start":{"line":4,"column":20},"end":{"line":10,"column":1}},"1":{"start":{"line":5,"column":2},"end":{"line":9,"column":5}},"2":{"start":{"line":15,"column":18},"end":{"line":21,"column":1}},"3":{"start":{"line":16,"column":2},"end":{"line":20,"column":5}},"4":{"start":{"line":23,"column":0},"end":{"line":26,"column":2}}},"fnMap":{"0":{"name":"(anonymous_0)","decl":{"start":{"line":4,"column":20},"end":{"line":4,"column":21}},"loc":{"start":{"line":4,"column":74},"end":{"line":10,"column":1}},"line":4},"1":{"name":"(anonymous_1)","decl":{"start":{"line":15,"column":18},"end":{"line":15,"column":19}},"loc":{"start":{"line":15,"column":87},"end":{"line":21,"column":1}},"line":15}},"branchMap":{"0":{"loc":{"start":{"line":4,"column":32},"end":{"line":4,"column":51}},"type":"default-arg","locations":[{"start":{"line":4,"column":42},"end":{"line":4,"column":51}}],"line":4},"1":{"loc":{"start":{"line":4,"column":53},"end":{"line":4,"column":69}},"type":"default-arg","locations":[{"start":{"line":4,"column":66},"end":{"line":4,"column":69}}],"line":4},"2":{"loc":{"start":{"line":15,"column":24},"end":{"line":15,"column":50}},"type":"default-arg","locations":[{"start":{"line":15,"column":34},"end":{"line":15,"column":50}}],"line":15},"3":{"loc":{"start":{"line":15,"column":52},"end":{"line":15,"column":68}},"type":"default-arg","locations":[{"start":{"line":15,"column":65},"end":{"line":15,"column":68}}],"line":15},"4":{"loc":{"start":{"line":15,"column":70},"end":{"line":15,"column":82}},"type":"default-arg","locations":[{"start":{"line":15,"column":78},"end":{"line":15,"column":82}}],"line":15}},"s":{"0":2,"1":5,"2":2,"3":6,"4":2},"f":{"0":5,"1":6},"b":{"0":[2],"1":[4],"2":[1],"3":[2],"4":[5]},"_coverageSchema":"1a1c01bbd47fc00a2c39e90264f33305004495a9","hash":"1952c09d2f783f4549e72d37ac4d1d05c93a2c7d"}
,"/Users/krish/Desktop/test/utils/socketService.js": {"path":"/Users/krish/Desktop/test/utils/socketService.js","statementMap":{"0":{"start":{"line":1,"column":19},"end":{"line":1,"column":39}},"1":{"start":{"line":8,"column":25},"end":{"line":102,"column":1}},"2":{"start":{"line":9,"column":2},"end":{"line":14,"column":5}},"3":{"start":{"line":16,"column":2},"end":{"line":98,"column":5}},"4":{"start":{"line":17,"column":4},"end":{"line":17,"column":46}},"5":{"start":{"line":20,"column":4},"end":{"line":26,"column":7}},"6":{"start":{"line":21,"column":6},"end":{"line":21,"column":26}},"7":{"start":{"line":22,"column":6},"end":{"line":22,"column":61}},"8":{"start":{"line":25,"column":6},"end":{"line":25,"column":55}},"9":{"start":{"line":29,"column":4},"end":{"line":35,"column":7}},"10":{"start":{"line":30,"column":6},"end":{"line":30,"column":27}},"11":{"start":{"line":31,"column":6},"end":{"line":31,"column":59}},"12":{"start":{"line":34,"column":6},"end":{"line":34,"column":53}},"13":{"start":{"line":38,"column":4},"end":{"line":41,"column":7}},"14":{"start":{"line":39,"column":6},"end":{"line":39,"column":50}},"15":{"start":{"line":40,"column":6},"end":{"line":40,"column":45}},"16":{"start":{"line":44,"column":4},"end":{"line":47,"column":7}},"17":{"start":{"line":45,"column":6},"end":{"line":45,"column":51}},"18":{"start":{"line":46,"column":6},"end":{"line":46,"column":47}},"19":{"start":{"line":50,"column":4},"end":{"line":53,"column":7}},"20":{"start":{"line":51,"column":6},"end":{"line":51,"column":58}},"21":{"start":{"line":52,"column":6},"end":{"line":52,"column":57}},"22":{"start":{"line":56,"column":4},"end":{"line":61,"column":7}},"23":{"start":{"line":57,"column":6},"end":{"line":57,"column":67}},"24":{"start":{"line":58,"column":24},"end":{"line":58,"column":34}},"25":{"start":{"line":60,"column":6},"end":{"line":60,"column":76}},"26":{"start":{"line":64,"column":4},"end":{"line":66,"column":7}},"27":{"start":{"line":65,"column":6},"end":{"line":65,"column":54}},"28":{"start":{"line":69,"column":4},"end":{"line":71,"column":7}},"29":{"start":{"line":70,"column":6},"end":{"line":70,"column":62}},"30":{"start":{"line":74,"column":4},"end":{"line":77,"column":7}},"31":{"start":{"line":75,"column":6},"end":{"line":75,"column":71}},"32":{"start":{"line":76,"column":6},"end":{"line":76,"column":76}},"33":{"start":{"line":79,"column":4},"end":{"line":82,"column":7}},"34":{"start":{"line":80,"column":6},"end":{"line":80,"column":74}},"35":{"start":{"line":81,"column":6},"end":{"line":81,"column":70}},"36":{"start":{"line":84,"column":4},"end":{"line":87,"column":7}},"37":{"start":{"line":85,"column":6},"end":{"line":85,"column":70}},"38":{"start":{"line":86,"column":6},"end":{"line":86,"column":80}},"39":{"start":{"line":89,"column":4},"end":{"line":92,"column":7}},"40":{"start":{"line":90,"column":6},"end":{"line":90,"column":71}},"41":{"start":{"line":91,"column":6},"end":{"line":91,"column":59}},"42":{"start":{"line":95,"column":4},"end":{"line":97,"column":7}},"43":{"start":{"line":96,"column":6},"end":{"line":96,"column":51}},"44":{"start":{"line":100,"column":2},"end":{"line":100,"column":52}},"45":{"start":{"line":101,"column":2},"end":{"line":101,"column":12}},"46":{"start":{"line":107,"column":14},"end":{"line":112,"column":1}},"47":{"start":{"line":108,"column":2},"end":{"line":110,"column":3}},"48":{"start":{"line":109,"column":4},"end":{"line":109,"column":79}},"49":{"start":{"line":111,"column":2},"end":{"line":111,"column":12}},"50":{"start":{"line":114,"column":0},"end":{"line":117,"column":2}}},"fnMap":{"0":{"name":"(anonymous_0)","decl":{"start":{"line":8,"column":25},"end":{"line":8,"column":26}},"loc":{"start":{"line":8,"column":37},"end":{"line":102,"column":1}},"line":8},"1":{"name":"(anonymous_1)","decl":{"start":{"line":16,"column":22},"end":{"line":16,"column":23}},"loc":{"start":{"line":16,"column":34},"end":{"line":98,"column":3}},"line":16},"2":{"name":"(anonymous_2)","decl":{"start":{"line":20,"column":27},"end":{"line":20,"column":28}},"loc":{"start":{"line":20,"column":39},"end":{"line":26,"column":5}},"line":20},"3":{"name":"(anonymous_3)","decl":{"start":{"line":29,"column":28},"end":{"line":29,"column":29}},"loc":{"start":{"line":29,"column":40},"end":{"line":35,"column":5}},"line":29},"4":{"name":"(anonymous_4)","decl":{"start":{"line":38,"column":23},"end":{"line":38,"column":24}},"loc":{"start":{"line":38,"column":46},"end":{"line":41,"column":5}},"line":38},"5":{"name":"(anonymous_5)","decl":{"start":{"line":44,"column":24},"end":{"line":44,"column":25}},"loc":{"start":{"line":44,"column":48},"end":{"line":47,"column":5}},"line":44},"6":{"name":"(anonymous_6)","decl":{"start":{"line":50,"column":31},"end":{"line":50,"column":32}},"loc":{"start":{"line":50,"column":58},"end":{"line":53,"column":5}},"line":50},"7":{"name":"(anonymous_7)","decl":{"start":{"line":56,"column":30},"end":{"line":56,"column":31}},"loc":{"start":{"line":56,"column":63},"end":{"line":61,"column":5}},"line":56},"8":{"name":"(anonymous_8)","decl":{"start":{"line":64,"column":24},"end":{"line":64,"column":25}},"loc":{"start":{"line":64,"column":50},"end":{"line":66,"column":5}},"line":64},"9":{"name":"(anonymous_9)","decl":{"start":{"line":69,"column":29},"end":{"line":69,"column":30}},"loc":{"start":{"line":69,"column":55},"end":{"line":71,"column":5}},"line":69},"10":{"name":"(anonymous_10)","decl":{"start":{"line":74,"column":34},"end":{"line":74,"column":35}},"loc":{"start":{"line":74,"column":65},"end":{"line":77,"column":5}},"line":74},"11":{"name":"(anonymous_11)","decl":{"start":{"line":79,"column":35},"end":{"line":79,"column":36}},"loc":{"start":{"line":79,"column":69},"end":{"line":82,"column":5}},"line":79},"12":{"name":"(anonymous_12)","decl":{"start":{"line":84,"column":42},"end":{"line":84,"column":43}},"loc":{"start":{"line":84,"column":79},"end":{"line":87,"column":5}},"line":84},"13":{"name":"(anonymous_13)","decl":{"start":{"line":89,"column":32},"end":{"line":89,"column":33}},"loc":{"start":{"line":89,"column":58},"end":{"line":92,"column":5}},"line":89},"14":{"name":"(anonymous_14)","decl":{"start":{"line":95,"column":28},"end":{"line":95,"column":29}},"loc":{"start":{"line":95,"column":34},"end":{"line":97,"column":5}},"line":95},"15":{"name":"(anonymous_15)","decl":{"start":{"line":107,"column":14},"end":{"line":107,"column":15}},"loc":{"start":{"line":107,"column":20},"end":{"line":112,"column":1}},"line":107}},"branchMap":{"0":{"loc":{"start":{"line":108,"column":2},"end":{"line":110,"column":3}},"type":"if","locations":[{"start":{"line":108,"column":2},"end":{"line":110,"column":3}},{"start":{},"end":{}}],"line":108}},"s":{"0":1,"1":1,"2":0,"3":0,"4":0,"5":0,"6":0,"7":0,"8":0,"9":0,"10":0,"11":0,"12":0,"13":0,"14":0,"15":0,"16":0,"17":0,"18":0,"19":0,"20":0,"21":0,"22":0,"23":0,"24":0,"25":0,"26":0,"27":0,"28":0,"29":0,"30":0,"31":0,"32":0,"33":0,"34":0,"35":0,"36":0,"37":0,"38":0,"39":0,"40":0,"41":0,"42":0,"43":0,"44":0,"45":0,"46":1,"47":0,"48":0,"49":0,"50":1},"f":{"0":0,"1":0,"2":0,"3":0,"4":0,"5":0,"6":0,"7":0,"8":0,"9":0,"10":0,"11":0,"12":0,"13":0,"14":0,"15":0},"b":{"0":[0,0]},"_coverageSchema":"1a1c01bbd47fc00a2c39e90264f33305004495a9","hash":"8830337eacb3d3ac676cc8296705f5455d1f511e"}
}
