TN:
SF:controllers/messageController.js
FN:7,(anonymous_0)
FN:34,(anonymous_1)
FN:62,(anonymous_2)
FN:85,(anonymous_3)
FN:102,(anonymous_4)
FNF:5
FNH:0
FNDA:0,(anonymous_0)
FNDA:0,(anonymous_1)
FNDA:0,(anonymous_2)
FNDA:0,(anonymous_3)
FNDA:0,(anonymous_4)
DA:1,1
DA:2,1
DA:7,1
DA:8,0
DA:9,0
DA:11,0
DA:12,0
DA:15,0
DA:25,0
DA:27,0
DA:34,1
DA:35,0
DA:36,0
DA:38,0
DA:39,0
DA:42,0
DA:49,0
DA:53,0
DA:55,0
DA:62,1
DA:63,0
DA:64,0
DA:72,0
DA:73,0
DA:76,0
DA:78,0
DA:85,1
DA:86,0
DA:87,0
DA:89,0
DA:90,0
DA:93,0
DA:95,0
DA:102,1
DA:103,0
DA:104,0
DA:106,0
DA:111,0
DA:113,0
DA:117,1
LF:40
LH:8
BRDA:11,0,0,0
BRDA:11,0,1,0
BRDA:11,1,0,0
BRDA:11,1,1,0
BRDA:38,2,0,0
BRDA:38,2,1,0
BRDA:38,3,0,0
BRDA:38,3,1,0
BRDA:38,3,2,0
BRDA:46,4,0,0
BRDA:46,4,1,0
BRDA:72,5,0,0
BRDA:72,5,1,0
BRDA:89,6,0,0
BRDA:89,6,1,0
BRF:15
BRH:0
end_of_record
TN:
SF:controllers/userController.js
FN:7,(anonymous_0)
FN:19,(anonymous_1)
FN:36,(anonymous_2)
FN:64,(anonymous_3)
FN:87,(anonymous_4)
FNF:5
FNH:0
FNDA:0,(anonymous_0)
FNDA:0,(anonymous_1)
FNDA:0,(anonymous_2)
FNDA:0,(anonymous_3)
FNDA:0,(anonymous_4)
DA:1,1
DA:2,1
DA:7,1
DA:8,0
DA:9,0
DA:10,0
DA:12,0
DA:19,1
DA:20,0
DA:21,0
DA:23,0
DA:24,0
DA:27,0
DA:29,0
DA:36,1
DA:37,0
DA:38,0
DA:41,0
DA:42,0
DA:43,0
DA:46,0
DA:52,0
DA:53,0
DA:55,0
DA:57,0
DA:64,1
DA:65,0
DA:66,0
DA:68,0
DA:74,0
DA:75,0
DA:78,0
DA:80,0
DA:87,1
DA:88,0
DA:89,0
DA:91,0
DA:92,0
DA:95,0
DA:97,0
DA:101,1
LF:41
LH:8
BRDA:23,0,0,0
BRDA:23,0,1,0
BRDA:42,1,0,0
BRDA:42,1,1,0
BRDA:74,2,0,0
BRDA:74,2,1,0
BRDA:91,3,0,0
BRDA:91,3,1,0
BRF:8
BRH:0
end_of_record
TN:
SF:models/Message.js
FNF:0
FNH:0
DA:1,2
DA:3,2
DA:36,2
DA:38,2
LF:4
LH:4
BRF:0
BRH:0
end_of_record
TN:
SF:models/User.js
FNF:0
FNH:0
DA:1,2
DA:3,2
DA:41,2
LF:3
LH:3
BRF:0
BRH:0
end_of_record
TN:
SF:routers/messageRoutes.js
FNF:0
FNH:0
DA:1,1
DA:2,1
DA:9,1
DA:12,1
DA:15,1
DA:18,1
DA:21,1
DA:24,1
DA:26,1
LF:9
LH:9
BRF:0
BRH:0
end_of_record
TN:
SF:routers/userRoutes.js
FNF:0
FNH:0
DA:1,1
DA:2,1
DA:9,1
DA:15,1
DA:18,1
DA:21,1
DA:24,1
DA:27,1
DA:29,1
LF:9
LH:9
BRF:0
BRH:0
end_of_record
TN:
SF:utils/db.js
FN:3,(anonymous_0)
FNF:1
FNH:0
FNDA:0,(anonymous_0)
DA:1,1
DA:3,1
DA:4,0
DA:5,0
DA:7,0
DA:9,0
DA:10,0
DA:14,1
LF:8
LH:3
BRF:0
BRH:0
end_of_record
TN:
SF:utils/responseHandler.js
FN:4,(anonymous_0)
FN:15,(anonymous_1)
FNF:2
FNH:2
FNDA:5,(anonymous_0)
FNDA:6,(anonymous_1)
DA:4,2
DA:5,5
DA:15,2
DA:16,6
DA:23,2
LF:5
LH:5
BRDA:4,0,0,2
BRDA:4,1,0,4
BRDA:15,2,0,1
BRDA:15,3,0,2
BRDA:15,4,0,5
BRF:5
BRH:5
end_of_record
TN:
SF:utils/socketService.js
FN:8,(anonymous_0)
FN:16,(anonymous_1)
FN:20,(anonymous_2)
FN:29,(anonymous_3)
FN:38,(anonymous_4)
FN:44,(anonymous_5)
FN:50,(anonymous_6)
FN:56,(anonymous_7)
FN:64,(anonymous_8)
FN:69,(anonymous_9)
FN:74,(anonymous_10)
FN:79,(anonymous_11)
FN:84,(anonymous_12)
FN:89,(anonymous_13)
FN:95,(anonymous_14)
FN:107,(anonymous_15)
FNF:16
FNH:0
FNDA:0,(anonymous_0)
FNDA:0,(anonymous_1)
FNDA:0,(anonymous_2)
FNDA:0,(anonymous_3)
FNDA:0,(anonymous_4)
FNDA:0,(anonymous_5)
FNDA:0,(anonymous_6)
FNDA:0,(anonymous_7)
FNDA:0,(anonymous_8)
FNDA:0,(anonymous_9)
FNDA:0,(anonymous_10)
FNDA:0,(anonymous_11)
FNDA:0,(anonymous_12)
FNDA:0,(anonymous_13)
FNDA:0,(anonymous_14)
FNDA:0,(anonymous_15)
DA:1,1
DA:8,1
DA:9,0
DA:16,0
DA:17,0
DA:20,0
DA:21,0
DA:22,0
DA:25,0
DA:29,0
DA:30,0
DA:31,0
DA:34,0
DA:38,0
DA:39,0
DA:40,0
DA:44,0
DA:45,0
DA:46,0
DA:50,0
DA:51,0
DA:52,0
DA:56,0
DA:57,0
DA:58,0
DA:60,0
DA:64,0
DA:65,0
DA:69,0
DA:70,0
DA:74,0
DA:75,0
DA:76,0
DA:79,0
DA:80,0
DA:81,0
DA:84,0
DA:85,0
DA:86,0
DA:89,0
DA:90,0
DA:91,0
DA:95,0
DA:96,0
DA:100,0
DA:101,0
DA:107,1
DA:108,0
DA:109,0
DA:111,0
DA:114,1
LF:51
LH:4
BRDA:108,0,0,0
BRDA:108,0,1,0
BRF:2
BRH:0
end_of_record
